This is pdfTeX, Version 3.141592653-2.6-1.40.22 (MiKTeX 21.6) (preloaded format=latex 2021.12.13)  13 DEC 2021 18:56
entering extended mode
**C:/Users/60434/AppData/Local/Temp/RtmpK4NOZF/chunk-code-2660ed73aba.txt
(C:/Users/60434/AppData/Local/Temp/RtmpK4NOZF/chunk-code-2660ed73aba.txt
LaTeX2e <2021-06-01>
L3 programming layer <2021-06-01>

! LaTeX Error: Missing \begin{document}.

See the LaTeX manual or LaTeX Companion for explanation.
Type  H <return>  for immediate help.
 ...                                              
                                                  
l.1 \begin{equation}
                    
? 
! Emergency stop.
 ...                                              
                                                  
l.1 \begin{equation}
                    
You're in trouble here.  Try typing  <return>  to proceed.
If that doesn't work, type  X <return>  to quit.

 
Here is how much of TeX's memory you used:
 20 strings out of 478865
 727 string characters out of 2848685
 292969 words of memory out of 3000000
 18043 multiletter control sequences out of 15000+600000
 403430 words of font info for 27 fonts, out of 8000000 for 9000
 1141 hyphenation exceptions out of 8191
 13i,0n,12p,120b,22s stack positions out of 5000i,500n,10000p,200000b,80000s
No pages of output.
